<?xml version="1.0" encoding="UTF-8"?>
<!-- Generated by org.testng.reporters.JUnitReportReporter -->
<testsuite skipped="0" hostname="DESKTOP-Q2FMSIT" name="cucumber.Options.TestRunner" tests="1" failures="0" timestamp="2020-06-24T19:41:18 CAT" time="7.336" errors="0">
  <testcase name="feature" time="7.336" classname="cucumber.Options.TestRunner"/>
  <system-out/>
</testsuite> <!-- cucumber.Options.TestRunner -->
